<?xml version="1.0" encoding="UTF-8"?>
<!-- Generated by org.testng.reporters.JUnitReportReporter -->
<testsuite hostname="LAPTOP-3LR0D9HL" failures="0" tests="1" name="mvn.test" time="4.182" errors="0" timestamp="2023-01-29T17:05:36 IST" skipped="0">
  <testcase classname="mvn.test" name="test" time="4.182"/>
  <system-out/>
</testsuite> <!-- mvn.test -->
